astree.o:
     $Id: auxlib.h,v 1.1 2014-06-08 00:52:12-07 - - $
     $Id: hashstack.h,v 1.3 2014-06-09 00:32:21-07 - - $
     $Id: astree.h,v 1.1 2014-06-08 00:52:12-07 - - $
     $Id: astree.rep.h,v 1.4 2011-10-06 22:05:30-07 - - $
     $Id: stringtable.h,v 1.1 2014-06-08 00:52:12-07 - - $
     $Id: lyutils.h,v 1.1 2014-06-08 00:52:12-07 - - $
     $Id: astree.c,v 1.2 2014-06-09 00:32:21-07 - - $
     $Compiled: astree.c Jun  9 2014 03:24:32 $

lyutils.o:
     $Id: auxlib.h,v 1.1 2014-06-08 00:52:12-07 - - $
     $Id: hashstack.h,v 1.3 2014-06-09 00:32:21-07 - - $
     $Id: astree.h,v 1.1 2014-06-08 00:52:12-07 - - $
     $Id: astree.rep.h,v 1.4 2011-10-06 22:05:30-07 - - $
     $Id: stringtable.h,v 1.1 2014-06-08 00:52:12-07 - - $
     $Id: lyutils.h,v 1.1 2014-06-08 00:52:12-07 - - $
     $Id: lyutils.c,v 1.2 2014-06-09 00:32:21-07 - - $
     $Compiled: lyutils.c Jun  9 2014 03:24:32 $

auxlib.o:
     $Id: auxlib.h,v 1.1 2014-06-08 00:52:12-07 - - $
     $Id: auxlib.c,v 1.1 2014-06-08 00:52:12-07 - - $
     $Compiled: auxlib.c Jun  9 2014 02:44:25 $

stringtable.o:
     $Id: auxlib.h,v 1.1 2014-06-08 00:52:12-07 - - $
     $Id: stringtable.h,v 1.1 2014-06-08 00:52:12-07 - - $
     $Id: stringtable.c,v 1.1 2014-06-08 00:52:12-07 - - $
     $Compiled: stringtable.c Jun  9 2014 02:44:25 $

oc.o:
     $Id: auxlib.h,v 1.1 2014-06-08 00:52:12-07 - - $
     $Id: hashstack.h,v 1.3 2014-06-09 00:32:21-07 - - $
     $Id: astree.h,v 1.1 2014-06-08 00:52:12-07 - - $
     $Id: astree.rep.h,v 1.4 2011-10-06 22:05:30-07 - - $
     $Id: stringtable.h,v 1.1 2014-06-08 00:52:12-07 - - $
     $Id: lyutils.h,v 1.1 2014-06-08 00:52:12-07 - - $
     $Id: symtable.h,v 1.1 2014-06-08 00:52:12-07 - - $
     $Id: oc.c,v 1.5 2014-06-09 00:38:35-07 - - $
     $Compiled: oc.c Jun  9 2014 03:24:32 $

hashstack.o:
     $Id: auxlib.h,v 1.1 2014-06-08 00:52:12-07 - - $
     $Id: hashstack.h,v 1.3 2014-06-09 00:32:21-07 - - $
     $Id: hashstack.c,v 1.2 2014-06-09 00:32:21-07 - - $
     $Compiled: hashstack.c Jun  9 2014 03:24:32 $

symtable.o:
     $Id: auxlib.h,v 1.1 2014-06-08 00:52:12-07 - - $
     $Id: hashstack.h,v 1.3 2014-06-09 00:32:21-07 - - $
     $Id: astree.h,v 1.1 2014-06-08 00:52:12-07 - - $
     $Id: astree.rep.h,v 1.4 2011-10-06 22:05:30-07 - - $
     $Id: stringtable.h,v 1.1 2014-06-08 00:52:12-07 - - $
     $Id: lyutils.h,v 1.1 2014-06-08 00:52:12-07 - - $
     $Id: symtable.h,v 1.1 2014-06-08 00:52:12-07 - - $
     $Id: symtable.c,v 1.3 2014-06-09 00:32:21-07 - - $
     $Compiled: symtable.c Jun  9 2014 03:30:31 $

yylex.o:
     $Id: auxlib.h,v 1.1 2014-06-08 00:52:12-07 - - $
     $Id: stringtable.h,v 1.1 2014-06-08 00:52:12-07 - - $
     $Id: hashstack.h,v 1.3 2014-06-09 00:32:21-07 - - $
     $Id: astree.h,v 1.1 2014-06-08 00:52:12-07 - - $
     $Id: lyutils.h,v 1.1 2014-06-08 00:52:12-07 - - $
     $Id: scanner.l,v 1.1 2014-06-08 00:52:12-07 - - $
     $Compiled: scanner.l Jun  9 2014 03:26:48 $

yyparse.o:
     $Id: auxlib.h,v 1.1 2014-06-08 00:52:12-07 - - $
     $Id: stringtable.h,v 1.1 2014-06-08 00:52:12-07 - - $
     $Id: hashstack.h,v 1.3 2014-06-09 00:32:21-07 - - $
     $Id: astree.h,v 1.1 2014-06-08 00:52:12-07 - - $
     $Id: lyutils.h,v 1.1 2014-06-08 00:52:12-07 - - $
     $Id: astree.rep.h,v 1.4 2011-10-06 22:05:30-07 - - $

oc:
     $Id: auxlib.h,v 1.1 2014-06-08 00:52:12-07 - - $
     $Id: hashstack.h,v 1.3 2014-06-09 00:32:21-07 - - $
     $Id: astree.h,v 1.1 2014-06-08 00:52:12-07 - - $
     $Id: astree.rep.h,v 1.4 2011-10-06 22:05:30-07 - - $
     $Id: stringtable.h,v 1.1 2014-06-08 00:52:12-07 - - $
     $Id: lyutils.h,v 1.1 2014-06-08 00:52:12-07 - - $
     $Id: astree.c,v 1.2 2014-06-09 00:32:21-07 - - $
     $Compiled: astree.c Jun  9 2014 03:24:32 $
     $Id: auxlib.h,v 1.1 2014-06-08 00:52:12-07 - - $
     $Id: hashstack.h,v 1.3 2014-06-09 00:32:21-07 - - $
     $Id: astree.h,v 1.1 2014-06-08 00:52:12-07 - - $
     $Id: astree.rep.h,v 1.4 2011-10-06 22:05:30-07 - - $
     $Id: stringtable.h,v 1.1 2014-06-08 00:52:12-07 - - $
     $Id: lyutils.h,v 1.1 2014-06-08 00:52:12-07 - - $
     $Id: lyutils.c,v 1.2 2014-06-09 00:32:21-07 - - $
     $Compiled: lyutils.c Jun  9 2014 03:24:32 $
     $Id: auxlib.h,v 1.1 2014-06-08 00:52:12-07 - - $
     $Id: auxlib.c,v 1.1 2014-06-08 00:52:12-07 - - $
     $Compiled: auxlib.c Jun  9 2014 02:44:25 $
     $Id: auxlib.h,v 1.1 2014-06-08 00:52:12-07 - - $
     $Id: stringtable.h,v 1.1 2014-06-08 00:52:12-07 - - $
     $Id: stringtable.c,v 1.1 2014-06-08 00:52:12-07 - - $
     $Compiled: stringtable.c Jun  9 2014 02:44:25 $
     $Id: auxlib.h,v 1.1 2014-06-08 00:52:12-07 - - $
     $Id: hashstack.h,v 1.3 2014-06-09 00:32:21-07 - - $
     $Id: astree.h,v 1.1 2014-06-08 00:52:12-07 - - $
     $Id: astree.rep.h,v 1.4 2011-10-06 22:05:30-07 - - $
     $Id: stringtable.h,v 1.1 2014-06-08 00:52:12-07 - - $
     $Id: lyutils.h,v 1.1 2014-06-08 00:52:12-07 - - $
     $Id: symtable.h,v 1.1 2014-06-08 00:52:12-07 - - $
     $Id: oc.c,v 1.5 2014-06-09 00:38:35-07 - - $
     $Compiled: oc.c Jun  9 2014 03:24:32 $
     $Id: auxlib.h,v 1.1 2014-06-08 00:52:12-07 - - $
     $Id: hashstack.h,v 1.3 2014-06-09 00:32:21-07 - - $
     $Id: hashstack.c,v 1.2 2014-06-09 00:32:21-07 - - $
     $Compiled: hashstack.c Jun  9 2014 03:24:32 $
     $Id: auxlib.h,v 1.1 2014-06-08 00:52:12-07 - - $
     $Id: hashstack.h,v 1.3 2014-06-09 00:32:21-07 - - $
     $Id: astree.h,v 1.1 2014-06-08 00:52:12-07 - - $
     $Id: astree.rep.h,v 1.4 2011-10-06 22:05:30-07 - - $
     $Id: stringtable.h,v 1.1 2014-06-08 00:52:12-07 - - $
     $Id: lyutils.h,v 1.1 2014-06-08 00:52:12-07 - - $
     $Id: symtable.h,v 1.1 2014-06-08 00:52:12-07 - - $
     $Id: symtable.c,v 1.3 2014-06-09 00:32:21-07 - - $
     $Compiled: symtable.c Jun  9 2014 03:30:31 $
     $Id: auxlib.h,v 1.1 2014-06-08 00:52:12-07 - - $
     $Id: stringtable.h,v 1.1 2014-06-08 00:52:12-07 - - $
     $Id: hashstack.h,v 1.3 2014-06-09 00:32:21-07 - - $
     $Id: astree.h,v 1.1 2014-06-08 00:52:12-07 - - $
     $Id: lyutils.h,v 1.1 2014-06-08 00:52:12-07 - - $
     $Id: scanner.l,v 1.1 2014-06-08 00:52:12-07 - - $
     $Compiled: scanner.l Jun  9 2014 03:26:48 $
     $Id: auxlib.h,v 1.1 2014-06-08 00:52:12-07 - - $
     $Id: stringtable.h,v 1.1 2014-06-08 00:52:12-07 - - $
     $Id: hashstack.h,v 1.3 2014-06-09 00:32:21-07 - - $
     $Id: astree.h,v 1.1 2014-06-08 00:52:12-07 - - $
     $Id: lyutils.h,v 1.1 2014-06-08 00:52:12-07 - - $
     $Id: astree.rep.h,v 1.4 2011-10-06 22:05:30-07 - - $
