flex version 2.5.35 usage statistics:
  scanner options: -dpsvI8 -Cem -oyylex.c
  326/2000 NFA states
  122/1000 DFA states (700 words)
  54 rules
  Compressed tables always back-up
  1/40 start conditions
  186 epsilon states, 81 double epsilon states
  22/100 character classes needed 297/500 words of storage, 0 reused
  2258 state/nextstate pairs created
  316/1942 unique/duplicate transitions
  133/1000 base-def entries created
  225/2000 (peak 621) nxt-chk entries created
  44/2500 (peak 550) template nxt-chk entries created
  0 empty table entries
  11 protos created
  11 templates created, 81 uses
  50/256 equivalence classes created
  4/256 meta-equivalence classes created
  0 (8 saved) hash collisions, 197 DFAs equal
  0 sets of reallocations needed
  1022 total table entries needed
